c:\dev\engineforanimationcourse\igl_opengl.dir\debug\viewercore.obj
c:\dev\engineforanimationcourse\igl_opengl.dir\debug\viewerdata.obj
c:\dev\engineforanimationcourse\igl_opengl.dir\debug\create_shader_program.obj
c:\dev\engineforanimationcourse\igl_opengl.dir\debug\create_vector_vbo.obj
c:\dev\engineforanimationcourse\igl_opengl.dir\debug\create_mesh_vbo.obj
c:\dev\engineforanimationcourse\igl_opengl.dir\debug\init_render_to_texture.obj
c:\dev\engineforanimationcourse\igl_opengl.dir\debug\print_shader_info_log.obj
c:\dev\engineforanimationcourse\igl_opengl.dir\debug\movable.obj
c:\dev\engineforanimationcourse\igl_opengl.dir\debug\create_index_vbo.obj
c:\dev\engineforanimationcourse\igl_opengl.dir\debug\gl_type_size.obj
c:\dev\engineforanimationcourse\igl_opengl.dir\debug\print_program_info_log.obj
c:\dev\engineforanimationcourse\igl_opengl.dir\debug\uniform_type_to_string.obj
c:\dev\engineforanimationcourse\igl_opengl.dir\debug\bind_vertex_attrib_array.obj
c:\dev\engineforanimationcourse\igl_opengl.dir\debug\destroy_shader_program.obj
c:\dev\engineforanimationcourse\igl_opengl.dir\debug\report_gl_error.obj
c:\dev\engineforanimationcourse\igl_opengl.dir\debug\meshgl.obj
c:\dev\engineforanimationcourse\igl_opengl.dir\debug\load_shader.obj
c:\dev\engineforanimationcourse\igl_opengl.dir\debug\vertex_array.obj
c:\dev\engineforanimationcourse\debug\igl_opengl.pdb
c:\dev\engineforanimationcourse\cmakefiles\generate.stamp
c:\dev\engineforanimationcourse\debug\igl_opengl.lib
c:\dev\engineforanimationcourse\igl_opengl.dir\debug\igl_opengl.tlog\cl.command.1.tlog
c:\dev\engineforanimationcourse\igl_opengl.dir\debug\igl_opengl.tlog\cl.read.1.tlog
c:\dev\engineforanimationcourse\igl_opengl.dir\debug\igl_opengl.tlog\cl.write.1.tlog
c:\dev\engineforanimationcourse\igl_opengl.dir\debug\igl_opengl.tlog\custombuild.command.1.tlog
c:\dev\engineforanimationcourse\igl_opengl.dir\debug\igl_opengl.tlog\custombuild.read.1.tlog
c:\dev\engineforanimationcourse\igl_opengl.dir\debug\igl_opengl.tlog\custombuild.write.1.tlog
c:\dev\engineforanimationcourse\igl_opengl.dir\debug\igl_opengl.tlog\lib-link.read.1.tlog
c:\dev\engineforanimationcourse\igl_opengl.dir\debug\igl_opengl.tlog\lib-link.write.1.tlog
c:\dev\engineforanimationcourse\igl_opengl.dir\debug\igl_opengl.tlog\lib.command.1.tlog
