c:\dev\engineforanimationcourse\igl.dir\debug\adjacency_list.obj
c:\dev\engineforanimationcourse\igl.dir\debug\angular_distance.obj
c:\dev\engineforanimationcourse\igl.dir\debug\average_onto_faces.obj
c:\dev\engineforanimationcourse\igl.dir\debug\axis_angle_to_quat.obj
c:\dev\engineforanimationcourse\igl.dir\debug\barycentric_coordinates.obj
c:\dev\engineforanimationcourse\igl.dir\debug\ceil.obj
c:\dev\engineforanimationcourse\igl.dir\debug\colon.obj
c:\dev\engineforanimationcourse\igl.dir\debug\marching_cubes.obj
c:\dev\engineforanimationcourse\igl.dir\debug\cumprod.obj
c:\dev\engineforanimationcourse\igl.dir\debug\deform_skeleton.obj
c:\dev\engineforanimationcourse\igl.dir\debug\doublearea.obj
c:\dev\engineforanimationcourse\igl.dir\debug\face_occurrences.obj
c:\dev\engineforanimationcourse\igl.dir\debug\find.obj
c:\dev\engineforanimationcourse\igl.dir\debug\frustum.obj
c:\dev\engineforanimationcourse\igl.dir\debug\grad_intrinsic.obj
c:\dev\engineforanimationcourse\igl.dir\debug\hsv_to_rgb.obj
c:\dev\engineforanimationcourse\igl.dir\debug\internal_angles.obj
c:\dev\engineforanimationcourse\igl.dir\debug\isdiag.obj
c:\dev\engineforanimationcourse\igl.dir\debug\lbs_matrix.obj
c:\dev\engineforanimationcourse\igl.dir\debug\loop.obj
c:\dev\engineforanimationcourse\igl.dir\debug\mat_min.obj
c:\dev\engineforanimationcourse\igl.dir\debug\max_faces_stopping_condition.obj
c:\dev\engineforanimationcourse\igl.dir\debug\mode.obj
c:\dev\engineforanimationcourse\igl.dir\debug\null.obj
c:\dev\engineforanimationcourse\igl.dir\debug\orientable_patches.obj
c:\dev\engineforanimationcourse\igl.dir\debug\outer_element.obj
c:\dev\engineforanimationcourse\igl.dir\debug\per_vertex_attribute_smoothing.obj
c:\dev\engineforanimationcourse\igl.dir\debug\planarize_quad_mesh.obj
c:\dev\engineforanimationcourse\igl.dir\debug\quadric_binary_plus_operator.obj
c:\dev\engineforanimationcourse\igl.dir\debug\random_points_on_mesh.obj
c:\dev\engineforanimationcourse\igl.dir\debug\readnode.obj
c:\dev\engineforanimationcourse\igl.dir\debug\remesh_along_isoline.obj
c:\dev\engineforanimationcourse\igl.dir\debug\rgb_to_hsv.obj
c:\dev\engineforanimationcourse\igl.dir\debug\segment_segment_intersect.obj
c:\dev\engineforanimationcourse\igl.dir\debug\signed_distance.obj
c:\dev\engineforanimationcourse\igl.dir\debug\sparse_voxel_grid.obj
c:\dev\engineforanimationcourse\igl.dir\debug\topological_hole_fill.obj
c:\dev\engineforanimationcourse\igl.dir\debug\triangle_triangle_adjacency.obj
c:\dev\engineforanimationcourse\igl.dir\debug\unproject_in_mesh.obj
c:\dev\engineforanimationcourse\igl.dir\debug\vertex_triangle_adjacency.obj
c:\dev\engineforanimationcourse\igl.dir\debug\writeobj.obj
c:\dev\engineforanimationcourse\igl.dir\debug\active_set.obj
c:\dev\engineforanimationcourse\igl.dir\debug\arap_linear_block.obj
c:\dev\engineforanimationcourse\igl.dir\debug\barycenter.obj
c:\dev\engineforanimationcourse\igl.dir\debug\bounding_box.obj
c:\dev\engineforanimationcourse\igl.dir\debug\colormap.obj
c:\dev\engineforanimationcourse\igl.dir\debug\compute_frame_field_bisectors.obj
c:\dev\engineforanimationcourse\igl.dir\debug\cotmatrix.obj
c:\dev\engineforanimationcourse\igl.dir\debug\count.obj
c:\dev\engineforanimationcourse\igl.dir\debug\cumsum.obj
c:\dev\engineforanimationcourse\igl.dir\debug\delaunay_triangulation.obj
c:\dev\engineforanimationcourse\igl.dir\debug\dirname.obj
c:\dev\engineforanimationcourse\igl.dir\debug\dqs.obj
c:\dev\engineforanimationcourse\igl.dir\debug\eigs.obj
c:\dev\engineforanimationcourse\igl.dir\debug\file_dialog_save.obj
c:\dev\engineforanimationcourse\igl.dir\debug\flip_edge.obj
c:\dev\engineforanimationcourse\igl.dir\debug\floor.obj
c:\dev\engineforanimationcourse\igl.dir\debug\grad.obj
c:\dev\engineforanimationcourse\igl.dir\debug\histc.obj
c:\dev\engineforanimationcourse\igl.dir\debug\intersect.obj
c:\dev\engineforanimationcourse\igl.dir\debug\is_dir.obj
c:\dev\engineforanimationcourse\igl.dir\debug\is_edge_manifold.obj
c:\dev\engineforanimationcourse\igl.dir\debug\is_vertex_manifold.obj
c:\dev\engineforanimationcourse\igl.dir\debug\lexicographic_triangulation.obj
c:\dev\engineforanimationcourse\igl.dir\debug\look_at.obj
c:\dev\engineforanimationcourse\igl.dir\debug\marching_tets.obj
c:\dev\engineforanimationcourse\igl.dir\debug\max_size.obj
c:\dev\engineforanimationcourse\igl.dir\debug\min.obj
c:\dev\engineforanimationcourse\igl.dir\debug\nchoosek.obj
c:\dev\engineforanimationcourse\igl.dir\debug\octree.obj
c:\dev\engineforanimationcourse\igl.dir\debug\orth.obj
c:\dev\engineforanimationcourse\igl.dir\debug\piecewise_constant_winding_number.obj
c:\dev\engineforanimationcourse\igl.dir\debug\polar_svd.obj
c:\dev\engineforanimationcourse\igl.dir\debug\random_dir.obj
c:\dev\engineforanimationcourse\igl.dir\debug\ray_mesh_intersect.obj
c:\dev\engineforanimationcourse\igl.dir\debug\readmsh.obj
c:\dev\engineforanimationcourse\igl.dir\debug\read_triangle_mesh.obj
c:\dev\engineforanimationcourse\igl.dir\debug\resolve_duplicated_faces.obj
c:\dev\engineforanimationcourse\igl.dir\debug\setdiff.obj
c:\dev\engineforanimationcourse\igl.dir\debug\shortest_edge_and_midpoint.obj
c:\dev\engineforanimationcourse\igl.dir\debug\slice_cached.obj
c:\dev\engineforanimationcourse\igl.dir\debug\snap_points.obj
c:\dev\engineforanimationcourse\igl.dir\debug\sort_angles.obj
c:\dev\engineforanimationcourse\igl.dir\debug\sortrows.obj
c:\dev\engineforanimationcourse\igl.dir\debug\stdin_to_temp.obj
c:\dev\engineforanimationcourse\igl.dir\debug\svd3x3.obj
c:\dev\engineforanimationcourse\igl.dir\debug\tan_half_angle.obj
c:\dev\engineforanimationcourse\igl.dir\debug\tet_tet_adjacency.obj
c:\dev\engineforanimationcourse\igl.dir\debug\triangle_fan.obj
c:\dev\engineforanimationcourse\igl.dir\debug\unique.obj
c:\dev\engineforanimationcourse\igl.dir\debug\unproject_ray.obj
c:\dev\engineforanimationcourse\igl.dir\debug\vector_area_matrix.obj
c:\dev\engineforanimationcourse\igl.dir\debug\writedmat.obj
c:\dev\engineforanimationcourse\igl.dir\debug\writewrl.obj
c:\dev\engineforanimationcourse\igl.dir\debug\adjacency_matrix.obj
c:\dev\engineforanimationcourse\igl.dir\debug\any_of.obj
c:\dev\engineforanimationcourse\igl.dir\debug\arap_rhs.obj
c:\dev\engineforanimationcourse\igl.dir\debug\basename.obj
c:\dev\engineforanimationcourse\igl.dir\debug\bbw.obj
c:\dev\engineforanimationcourse\igl.dir\debug\boundary_conditions.obj
c:\dev\engineforanimationcourse\igl.dir\debug\circulation.obj
c:\dev\engineforanimationcourse\igl.dir\debug\column_to_quats.obj
c:\dev\engineforanimationcourse\igl.dir\debug\connect_boundary_to_infinity.obj
c:\dev\engineforanimationcourse\igl.dir\debug\cotmatrix_intrinsic.obj
c:\dev\engineforanimationcourse\igl.dir\debug\cross_field_mismatch.obj
c:\dev\engineforanimationcourse\igl.dir\debug\dated_copy.obj
c:\dev\engineforanimationcourse\igl.dir\debug\dfs.obj
c:\dev\engineforanimationcourse\igl.dir\debug\directed_edge_parents.obj
c:\dev\engineforanimationcourse\igl.dir\debug\edge_lengths.obj
c:\dev\engineforanimationcourse\igl.dir\debug\exterior_edges.obj
c:\dev\engineforanimationcourse\igl.dir\debug\faces_first.obj
c:\dev\engineforanimationcourse\igl.dir\debug\fit_plane.obj
c:\dev\engineforanimationcourse\igl.dir\debug\harmonic.obj
c:\dev\engineforanimationcourse\igl.dir\debug\infinite_cost_stopping_condition.obj
c:\dev\engineforanimationcourse\igl.dir\debug\intrinsic_delaunay_triangulation.obj
c:\dev\engineforanimationcourse\igl.dir\debug\is_readable.obj
c:\dev\engineforanimationcourse\igl.dir\debug\is_stl.obj
c:\dev\engineforanimationcourse\igl.dir\debug\is_writable.obj
c:\dev\engineforanimationcourse\igl.dir\debug\ismember.obj
c:\dev\engineforanimationcourse\igl.dir\debug\line_segment_in_rectangle.obj
c:\dev\engineforanimationcourse\igl.dir\debug\mapping_energy_with_jacobians.obj
c:\dev\engineforanimationcourse\igl.dir\debug\mat_max.obj
c:\dev\engineforanimationcourse\igl.dir\debug\max.obj
c:\dev\engineforanimationcourse\igl.dir\debug\mod.obj
c:\dev\engineforanimationcourse\igl.dir\debug\normalize_quat.obj
c:\dev\engineforanimationcourse\igl.dir\debug\normalize_row_lengths.obj
c:\dev\engineforanimationcourse\igl.dir\debug\orient_outward.obj
c:\dev\engineforanimationcourse\igl.dir\debug\parallel_transport_angles.obj
c:\dev\engineforanimationcourse\igl.dir\debug\per_vertex_point_to_plane_quadrics.obj
c:\dev\engineforanimationcourse\igl.dir\debug\project_isometrically_to_plane.obj
c:\dev\engineforanimationcourse\igl.dir\debug\pso.obj
c:\dev\engineforanimationcourse\igl.dir\debug\quat_conjugate.obj
c:\dev\engineforanimationcourse\igl.dir\debug\quat_mult.obj
c:\dev\engineforanimationcourse\igl.dir\debug\quat_to_mat.obj
c:\dev\engineforanimationcourse\igl.dir\debug\quats_to_column.obj
c:\dev\engineforanimationcourse\igl.dir\debug\randperm.obj
c:\dev\engineforanimationcourse\igl.dir\debug\readmesh.obj
c:\dev\engineforanimationcourse\igl.dir\debug\readwrl.obj
c:\dev\engineforanimationcourse\igl.dir\debug\remove_unreferenced.obj
c:\dev\engineforanimationcourse\igl.dir\debug\rows_to_matrix.obj
c:\dev\engineforanimationcourse\igl.dir\debug\scaf.obj
c:\dev\engineforanimationcourse\igl.dir\debug\sort.obj
c:\dev\engineforanimationcourse\igl.dir\debug\trackball.obj
c:\dev\engineforanimationcourse\igl.dir\debug\triangles_from_strip.obj
c:\dev\engineforanimationcourse\igl.dir\debug\unique_edge_map.obj
c:\dev\engineforanimationcourse\igl.dir\debug\unzip_corners.obj
c:\dev\engineforanimationcourse\igl.dir\debug\volume.obj
c:\dev\engineforanimationcourse\igl.dir\debug\writestl.obj
c:\dev\engineforanimationcourse\igl.dir\debug\accumarray.obj
c:\dev\engineforanimationcourse\igl.dir\debug\all_pairs_distances.obj
c:\dev\engineforanimationcourse\igl.dir\debug\arap_dof.obj
c:\dev\engineforanimationcourse\igl.dir\debug\boundary_loop.obj
c:\dev\engineforanimationcourse\igl.dir\debug\collapse_edge.obj
c:\dev\engineforanimationcourse\igl.dir\debug\comb_frame_field.obj
c:\dev\engineforanimationcourse\igl.dir\debug\progressive_hulls_cost_and_placement.obj
c:\dev\engineforanimationcourse\igl.dir\debug\crouzeix_raviart_cotmatrix.obj
c:\dev\engineforanimationcourse\igl.dir\debug\cylinder.obj
c:\dev\engineforanimationcourse\igl.dir\debug\dihedral_angles.obj
c:\dev\engineforanimationcourse\igl.dir\debug\edge_exists_near.obj
c:\dev\engineforanimationcourse\igl.dir\debug\edges_to_path.obj
c:\dev\engineforanimationcourse\igl.dir\debug\extract_manifold_patches.obj
c:\dev\engineforanimationcourse\igl.dir\debug\fast_winding_number.obj
c:\dev\engineforanimationcourse\igl.dir\debug\find_cross_field_singularities.obj
c:\dev\engineforanimationcourse\igl.dir\debug\forward_kinematics.obj
c:\dev\engineforanimationcourse\igl.dir\debug\grid_search.obj
c:\dev\engineforanimationcourse\igl.dir\debug\hessian.obj
c:\dev\engineforanimationcourse\igl.dir\debug\intrinsic_delaunay_cotmatrix.obj
c:\dev\engineforanimationcourse\igl.dir\debug\is_irregular_vertex.obj
c:\dev\engineforanimationcourse\igl.dir\debug\isolines.obj
c:\dev\engineforanimationcourse\igl.dir\debug\linprog.obj
c:\dev\engineforanimationcourse\igl.dir\debug\median.obj
c:\dev\engineforanimationcourse\igl.dir\debug\next_filename.obj
c:\dev\engineforanimationcourse\igl.dir\debug\normalize_row_sums.obj
c:\dev\engineforanimationcourse\igl.dir\debug\oriented_facets.obj
c:\dev\engineforanimationcourse\igl.dir\debug\parula.obj
c:\dev\engineforanimationcourse\igl.dir\debug\per_corner_normals.obj
c:\dev\engineforanimationcourse\igl.dir\debug\point_in_circle.obj
c:\dev\engineforanimationcourse\igl.dir\debug\point_in_poly.obj
c:\dev\engineforanimationcourse\igl.dir\debug\point_simplex_squared_distance.obj
c:\dev\engineforanimationcourse\igl.dir\debug\procrustes.obj
c:\dev\engineforanimationcourse\igl.dir\debug\project_to_line_segment.obj
c:\dev\engineforanimationcourse\igl.dir\debug\qslim_optimal_collapse_edge_callbacks.obj
c:\dev\engineforanimationcourse\igl.dir\debug\ray_box_intersect.obj
c:\dev\engineforanimationcourse\igl.dir\debug\readdmat.obj
c:\dev\engineforanimationcourse\igl.dir\debug\readtgf.obj
c:\dev\engineforanimationcourse\igl.dir\debug\repdiag.obj
c:\dev\engineforanimationcourse\igl.dir\debug\sample_edges.obj
c:\dev\engineforanimationcourse\igl.dir\debug\shapeup.obj
c:\dev\engineforanimationcourse\igl.dir\debug\snap_to_fixed_up.obj
c:\dev\engineforanimationcourse\igl.dir\debug\unproject_onto_mesh.obj
c:\dev\engineforanimationcourse\igl.dir\debug\vertex_components.obj
c:\dev\engineforanimationcourse\igl.dir\debug\writemesh.obj
c:\dev\engineforanimationcourse\igl.dir\debug\writetgf.obj
c:\dev\engineforanimationcourse\igl.dir\debug\ata_cached.obj
c:\dev\engineforanimationcourse\igl.dir\debug\any.obj
c:\dev\engineforanimationcourse\igl.dir\debug\average_onto_vertices.obj
c:\dev\engineforanimationcourse\igl.dir\debug\barycentric_to_global.obj
c:\dev\engineforanimationcourse\igl.dir\debug\bijective_composite_harmonic_mapping.obj
c:\dev\engineforanimationcourse\igl.dir\debug\canonical_quaternions.obj
c:\dev\engineforanimationcourse\igl.dir\debug\cat.obj
c:\dev\engineforanimationcourse\igl.dir\debug\comb_cross_field.obj
c:\dev\engineforanimationcourse\igl.dir\debug\swept_volume.obj
c:\dev\engineforanimationcourse\igl.dir\debug\covariance_scatter_matrix.obj
c:\dev\engineforanimationcourse\igl.dir\debug\cut_mesh_from_singularities.obj
c:\dev\engineforanimationcourse\igl.dir\debug\diag.obj
c:\dev\engineforanimationcourse\igl.dir\debug\edge_collapse_is_valid.obj
c:\dev\engineforanimationcourse\igl.dir\debug\edge_topology.obj
c:\dev\engineforanimationcourse\igl.dir\debug\exact_geodesic.obj
c:\dev\engineforanimationcourse\igl.dir\debug\facet_components.obj
c:\dev\engineforanimationcourse\igl.dir\debug\fit_rotations.obj
c:\dev\engineforanimationcourse\igl.dir\debug\get_seconds.obj
c:\dev\engineforanimationcourse\igl.dir\debug\get_seconds_hires.obj
c:\dev\engineforanimationcourse\igl.dir\debug\grid.obj
c:\dev\engineforanimationcourse\igl.dir\debug\hausdorff.obj
c:\dev\engineforanimationcourse\igl.dir\debug\inradius.obj
c:\dev\engineforanimationcourse\igl.dir\debug\is_boundary_edge.obj
c:\dev\engineforanimationcourse\igl.dir\debug\is_sparse.obj
c:\dev\engineforanimationcourse\igl.dir\debug\launch_medit.obj
c:\dev\engineforanimationcourse\igl.dir\debug\line_search.obj
c:\dev\engineforanimationcourse\igl.dir\debug\map_vertices_to_circle.obj
c:\dev\engineforanimationcourse\igl.dir\debug\mat_to_quat.obj
c:\dev\engineforanimationcourse\igl.dir\debug\matlab_format.obj
c:\dev\engineforanimationcourse\igl.dir\debug\normal_derivative.obj
c:\dev\engineforanimationcourse\igl.dir\debug\on_boundary.obj
c:\dev\engineforanimationcourse\igl.dir\debug\ortho.obj
c:\dev\engineforanimationcourse\igl.dir\debug\pathinfo.obj
c:\dev\engineforanimationcourse\igl.dir\debug\per_edge_normals.obj
c:\dev\engineforanimationcourse\igl.dir\debug\point_mesh_squared_distance.obj
c:\dev\engineforanimationcourse\igl.dir\debug\polygon_mesh_to_triangle_mesh.obj
c:\dev\engineforanimationcourse\igl.dir\debug\print_ijv.obj
c:\dev\engineforanimationcourse\igl.dir\debug\project_to_line.obj
c:\dev\engineforanimationcourse\igl.dir\debug\quad_planarity.obj
c:\dev\engineforanimationcourse\igl.dir\debug\random_quaternion.obj
c:\dev\engineforanimationcourse\igl.dir\debug\ray_sphere_intersect.obj
c:\dev\engineforanimationcourse\igl.dir\debug\readobj.obj
c:\dev\engineforanimationcourse\igl.dir\debug\remove_duplicates.obj
c:\dev\engineforanimationcourse\igl.dir\debug\rotate_by_quat.obj
c:\dev\engineforanimationcourse\igl.dir\debug\rotate_vectors.obj
c:\dev\engineforanimationcourse\igl.dir\debug\setunion.obj
c:\dev\engineforanimationcourse\igl.dir\debug\simplify_polyhedron.obj
c:\dev\engineforanimationcourse\igl.dir\debug\slice_mask.obj
c:\dev\engineforanimationcourse\igl.dir\debug\sort_triangles.obj
c:\dev\engineforanimationcourse\igl.dir\debug\sparse_cached.obj
c:\dev\engineforanimationcourse\igl.dir\debug\straighten_seams.obj
c:\dev\engineforanimationcourse\igl.dir\debug\two_axis_valuator_fixed_up.obj
c:\dev\engineforanimationcourse\igl.dir\debug\unproject.obj
c:\dev\engineforanimationcourse\igl.dir\debug\writeoff.obj
c:\dev\engineforanimationcourse\igl.dir\debug\aabb.obj
c:\dev\engineforanimationcourse\igl.dir\debug\bfs_orient.obj
c:\dev\engineforanimationcourse\igl.dir\debug\boundary_facets.obj
c:\dev\engineforanimationcourse\igl.dir\debug\circumradius.obj
c:\dev\engineforanimationcourse\igl.dir\debug\columnize.obj
c:\dev\engineforanimationcourse\igl.dir\debug\offset_surface.obj
c:\dev\engineforanimationcourse\igl.dir\debug\cross.obj
c:\dev\engineforanimationcourse\igl.dir\debug\cut_mesh.obj
c:\dev\engineforanimationcourse\igl.dir\debug\directed_edge_orientations.obj
c:\dev\engineforanimationcourse\igl.dir\debug\false_barycentric_subdivision.obj
c:\dev\engineforanimationcourse\igl.dir\debug\flipped_triangles.obj
c:\dev\engineforanimationcourse\igl.dir\debug\frame_to_cross_field.obj
c:\dev\engineforanimationcourse\igl.dir\debug\guess_extension.obj
c:\dev\engineforanimationcourse\igl.dir\debug\harwell_boeing.obj
c:\dev\engineforanimationcourse\igl.dir\debug\hessian_energy.obj
c:\dev\engineforanimationcourse\igl.dir\debug\is_border_vertex.obj
c:\dev\engineforanimationcourse\igl.dir\debug\is_file.obj
c:\dev\engineforanimationcourse\igl.dir\debug\is_intrinsic_delaunay.obj
c:\dev\engineforanimationcourse\igl.dir\debug\knn.obj
c:\dev\engineforanimationcourse\igl.dir\debug\list_to_matrix.obj
c:\dev\engineforanimationcourse\igl.dir\debug\massmatrix_intrinsic.obj
c:\dev\engineforanimationcourse\igl.dir\debug\min_size.obj
c:\dev\engineforanimationcourse\igl.dir\debug\mvc.obj
c:\dev\engineforanimationcourse\igl.dir\debug\path_to_executable.obj
c:\dev\engineforanimationcourse\igl.dir\debug\per_face_normals.obj
c:\dev\engineforanimationcourse\igl.dir\debug\principal_curvature.obj
c:\dev\engineforanimationcourse\igl.dir\debug\readbf.obj
c:\dev\engineforanimationcourse\igl.dir\debug\readstl.obj
c:\dev\engineforanimationcourse\igl.dir\debug\repmat.obj
c:\dev\engineforanimationcourse\igl.dir\debug\seam_edges.obj
c:\dev\engineforanimationcourse\igl.dir\debug\signed_angle.obj
c:\dev\engineforanimationcourse\igl.dir\debug\slice_into.obj
c:\dev\engineforanimationcourse\igl.dir\debug\solid_angle.obj
c:\dev\engineforanimationcourse\igl.dir\debug\sparse.obj
c:\dev\engineforanimationcourse\igl.dir\debug\squared_edge_lengths.obj
c:\dev\engineforanimationcourse\igl.dir\debug\unique_simplices.obj
c:\dev\engineforanimationcourse\igl.dir\debug\voxel_grid.obj
c:\dev\engineforanimationcourse\igl.dir\debug\eps.obj
c:\dev\engineforanimationcourse\igl.dir\debug\all.obj
c:\dev\engineforanimationcourse\igl.dir\debug\ambient_occlusion.obj
c:\dev\engineforanimationcourse\igl.dir\debug\avg_edge_length.obj
c:\dev\engineforanimationcourse\igl.dir\debug\biharmonic_coordinates.obj
c:\dev\engineforanimationcourse\igl.dir\debug\centroid.obj
c:\dev\engineforanimationcourse\igl.dir\debug\combine.obj
c:\dev\engineforanimationcourse\igl.dir\debug\quadprog.obj
c:\dev\engineforanimationcourse\igl.dir\debug\cut_to_disk.obj
c:\dev\engineforanimationcourse\igl.dir\debug\dijkstra.obj
c:\dev\engineforanimationcourse\igl.dir\debug\ears.obj
c:\dev\engineforanimationcourse\igl.dir\debug\edges.obj
c:\dev\engineforanimationcourse\igl.dir\debug\example_fun.obj
c:\dev\engineforanimationcourse\igl.dir\debug\face_areas.obj
c:\dev\engineforanimationcourse\igl.dir\debug\file_dialog_open.obj
c:\dev\engineforanimationcourse\igl.dir\debug\flip_avoiding_line_search.obj
c:\dev\engineforanimationcourse\igl.dir\debug\frame_field_deformer.obj
c:\dev\engineforanimationcourse\igl.dir\debug\in_element.obj
c:\dev\engineforanimationcourse\igl.dir\debug\is_delaunay.obj
c:\dev\engineforanimationcourse\igl.dir\debug\is_symmetric.obj
c:\dev\engineforanimationcourse\igl.dir\debug\limit_faces.obj
c:\dev\engineforanimationcourse\igl.dir\debug\local_basis.obj
c:\dev\engineforanimationcourse\igl.dir\debug\massmatrix.obj
c:\dev\engineforanimationcourse\igl.dir\debug\min_quad_with_fixed.obj
c:\dev\engineforanimationcourse\igl.dir\debug\pinv.obj
c:\dev\engineforanimationcourse\igl.dir\debug\polar_dec.obj
c:\dev\engineforanimationcourse\igl.dir\debug\pseudonormal_test.obj
c:\dev\engineforanimationcourse\igl.dir\debug\random_search.obj
c:\dev\engineforanimationcourse\igl.dir\debug\readcsv.obj
c:\dev\engineforanimationcourse\igl.dir\debug\readoff.obj
c:\dev\engineforanimationcourse\igl.dir\debug\remove_duplicate_vertices.obj
c:\dev\engineforanimationcourse\igl.dir\debug\round.obj
c:\dev\engineforanimationcourse\igl.dir\debug\setxor.obj
c:\dev\engineforanimationcourse\igl.dir\debug\slice.obj
c:\dev\engineforanimationcourse\igl.dir\debug\snap_to_canonical_view_quat.obj
c:\dev\engineforanimationcourse\igl.dir\debug\sort_vectors_ccw.obj
c:\dev\engineforanimationcourse\igl.dir\debug\svd3x3_avx.obj
c:\dev\engineforanimationcourse\igl.dir\debug\svd3x3_sse.obj
c:\dev\engineforanimationcourse\igl.dir\debug\swept_volume_bounding_box.obj
c:\dev\engineforanimationcourse\igl.dir\debug\transpose_blocks.obj
c:\dev\engineforanimationcourse\igl.dir\debug\triangulated_grid.obj
c:\dev\engineforanimationcourse\igl.dir\debug\unique_rows.obj
c:\dev\engineforanimationcourse\igl.dir\debug\winding_number.obj
c:\dev\engineforanimationcourse\igl.dir\debug\write_triangle_mesh.obj
c:\dev\engineforanimationcourse\igl.dir\debug\halfedgeiterator.obj
c:\dev\engineforanimationcourse\igl.dir\debug\all_edges.obj
c:\dev\engineforanimationcourse\igl.dir\debug\arap.obj
c:\dev\engineforanimationcourse\igl.dir\debug\bfs.obj
c:\dev\engineforanimationcourse\igl.dir\debug\bone_parents.obj
c:\dev\engineforanimationcourse\igl.dir\debug\bounding_box_diagonal.obj
c:\dev\engineforanimationcourse\igl.dir\debug\collapse_small_triangles.obj
c:\dev\engineforanimationcourse\igl.dir\debug\comb_line_field.obj
c:\dev\engineforanimationcourse\igl.dir\debug\progressive_hulls.obj
c:\dev\engineforanimationcourse\igl.dir\debug\cotmatrix_entries.obj
c:\dev\engineforanimationcourse\igl.dir\debug\crouzeix_raviart_massmatrix.obj
c:\dev\engineforanimationcourse\igl.dir\debug\decimate.obj
c:\dev\engineforanimationcourse\igl.dir\debug\dot.obj
c:\dev\engineforanimationcourse\igl.dir\debug\dot_row.obj
c:\dev\engineforanimationcourse\igl.dir\debug\edge_flaps.obj
c:\dev\engineforanimationcourse\igl.dir\debug\euler_characteristic.obj
c:\dev\engineforanimationcourse\igl.dir\debug\extract_non_manifold_edge_curves.obj
c:\dev\engineforanimationcourse\igl.dir\debug\file_contents_as_string.obj
c:\dev\engineforanimationcourse\igl.dir\debug\file_exists.obj
c:\dev\engineforanimationcourse\igl.dir\debug\find_zero.obj
c:\dev\engineforanimationcourse\igl.dir\debug\flood_fill.obj
c:\dev\engineforanimationcourse\igl.dir\debug\gaussian_curvature.obj
c:\dev\engineforanimationcourse\igl.dir\debug\group_sum_matrix.obj
c:\dev\engineforanimationcourse\igl.dir\debug\heat_geodesics.obj
c:\dev\engineforanimationcourse\igl.dir\debug\invert_diag.obj
c:\dev\engineforanimationcourse\igl.dir\debug\is_planar.obj
c:\dev\engineforanimationcourse\igl.dir\debug\jet.obj
c:\dev\engineforanimationcourse\igl.dir\debug\line_field_mismatch.obj
c:\dev\engineforanimationcourse\igl.dir\debug\lscm.obj
c:\dev\engineforanimationcourse\igl.dir\debug\matrix_to_list.obj
c:\dev\engineforanimationcourse\igl.dir\debug\min_quad_dense.obj
c:\dev\engineforanimationcourse\igl.dir\debug\partition.obj
c:\dev\engineforanimationcourse\igl.dir\debug\per_vertex_normals.obj
c:\dev\engineforanimationcourse\igl.dir\debug\polar_svd3x3.obj
c:\dev\engineforanimationcourse\igl.dir\debug\print_vector.obj
c:\dev\engineforanimationcourse\igl.dir\debug\project.obj
c:\dev\engineforanimationcourse\igl.dir\debug\qslim.obj
c:\dev\engineforanimationcourse\igl.dir\debug\quat_to_axis_angle.obj
c:\dev\engineforanimationcourse\igl.dir\debug\ramer_douglas_peucker.obj
c:\dev\engineforanimationcourse\igl.dir\debug\readply.obj
c:\dev\engineforanimationcourse\igl.dir\debug\reorder.obj
c:\dev\engineforanimationcourse\igl.dir\debug\rotation_matrix_from_directions.obj
c:\dev\engineforanimationcourse\igl.dir\debug\shape_diameter_function.obj
c:\dev\engineforanimationcourse\igl.dir\debug\slim.obj
c:\dev\engineforanimationcourse\igl.dir\debug\speye.obj
c:\dev\engineforanimationcourse\igl.dir\debug\sum.obj
c:\dev\engineforanimationcourse\igl.dir\debug\swept_volume_signed_distance.obj
c:\dev\engineforanimationcourse\igl.dir\debug\uniformly_sample_two_manifold.obj
c:\dev\engineforanimationcourse\igl.dir\debug\upsample.obj
c:\dev\engineforanimationcourse\igl.dir\debug\writebf.obj
c:\dev\engineforanimationcourse\igl.dir\debug\writeply.obj
c:\dev\engineforanimationcourse\debug\igl.pdb
c:\dev\engineforanimationcourse\cmakefiles\generate.stamp
c:\dev\engineforanimationcourse\debug\igl.lib
c:\dev\engineforanimationcourse\igl.dir\debug\igl.tlog\cl.command.1.tlog
c:\dev\engineforanimationcourse\igl.dir\debug\igl.tlog\cl.read.1.tlog
c:\dev\engineforanimationcourse\igl.dir\debug\igl.tlog\cl.write.1.tlog
c:\dev\engineforanimationcourse\igl.dir\debug\igl.tlog\custombuild.command.1.tlog
c:\dev\engineforanimationcourse\igl.dir\debug\igl.tlog\custombuild.read.1.tlog
c:\dev\engineforanimationcourse\igl.dir\debug\igl.tlog\custombuild.write.1.tlog
c:\dev\engineforanimationcourse\igl.dir\debug\igl.tlog\lib-link.read.1.tlog
c:\dev\engineforanimationcourse\igl.dir\debug\igl.tlog\lib-link.write.1.tlog
c:\dev\engineforanimationcourse\igl.dir\debug\igl.tlog\lib.command.1.tlog
