  Building Custom Rule C:/Dev/EngineForAnimationCourse/CMakeLists.txt
cl : command line warning D9025: overriding '/W3' with '/w'
cl : command line warning D9025: overriding '/W3' with '/w'
  AABB.cpp
cl : command line warning D9025: overriding '/W3' with '/w'
  AtA_cached.cpp
cl : command line warning D9025: overriding '/W3' with '/w'
cl : command line warning D9025: overriding '/W3' with '/w'
  EPS.cpp
  HalfEdgeIterator.cpp
cl : command line warning D9025: overriding '/W3' with '/w'
  accumarray.cpp
cl : command line warning D9025: overriding '/W3' with '/w'
  active_set.cpp
cl : command line warning D9025: overriding '/W3' with '/w'
  adjacency_list.cpp
cl : command line warning D9025: overriding '/W3' with '/w'
  adjacency_matrix.cpp
  all.cpp
  all_edges.cpp
  all_pairs_distances.cpp
  ambient_occlusion.cpp
  angular_distance.cpp
  any.cpp
  any_of.cpp
  arap.cpp
  arap_dof.cpp
  arap_linear_block.cpp
  arap_rhs.cpp
  average_onto_faces.cpp
  average_onto_vertices.cpp
  avg_edge_length.cpp
  axis_angle_to_quat.cpp
  barycenter.cpp
  barycentric_coordinates.cpp
  barycentric_to_global.cpp
  basename.cpp
  bbw.cpp
  bfs.cpp
  bfs_orient.cpp
  biharmonic_coordinates.cpp
  bijective_composite_harmonic_mapping.cpp
  bone_parents.cpp
  boundary_conditions.cpp
  boundary_facets.cpp
  boundary_loop.cpp
  bounding_box.cpp
  bounding_box_diagonal.cpp
  canonical_quaternions.cpp
  cat.cpp
  ceil.cpp
  centroid.cpp
  circulation.cpp
  circumradius.cpp
  collapse_edge.cpp
  collapse_small_triangles.cpp
  colon.cpp
  colormap.cpp
  column_to_quats.cpp
  columnize.cpp
  comb_cross_field.cpp
  comb_frame_field.cpp
  comb_line_field.cpp
  combine.cpp
  compute_frame_field_bisectors.cpp
  connect_boundary_to_infinity.cpp
  marching_cubes.cpp
  offset_surface.cpp
  progressive_hulls.cpp
  progressive_hulls_cost_and_placement.cpp
  quadprog.cpp
  swept_volume.cpp
  cotmatrix.cpp
  cotmatrix_entries.cpp
  cotmatrix_intrinsic.cpp
  count.cpp
  covariance_scatter_matrix.cpp
  cross.cpp
  cross_field_mismatch.cpp
  crouzeix_raviart_cotmatrix.cpp
  crouzeix_raviart_massmatrix.cpp
  cumprod.cpp
  cumsum.cpp
  cut_mesh.cpp
  cut_mesh_from_singularities.cpp
  cut_to_disk.cpp
  cylinder.cpp
  dated_copy.cpp
  decimate.cpp
  deform_skeleton.cpp
  delaunay_triangulation.cpp
  dfs.cpp
  diag.cpp
  dihedral_angles.cpp
  dijkstra.cpp
  directed_edge_orientations.cpp
  directed_edge_parents.cpp
  dirname.cpp
  dot.cpp
  dot_row.cpp
  doublearea.cpp
  dqs.cpp
  ears.cpp
  edge_collapse_is_valid.cpp
  edge_exists_near.cpp
  edge_flaps.cpp
  edge_lengths.cpp
  edge_topology.cpp
  edges.cpp
  edges_to_path.cpp
  eigs.cpp
  euler_characteristic.cpp
  exact_geodesic.cpp
  example_fun.cpp
  exterior_edges.cpp
  extract_manifold_patches.cpp
  extract_non_manifold_edge_curves.cpp
  face_areas.cpp
  face_occurrences.cpp
  faces_first.cpp
  facet_components.cpp
  false_barycentric_subdivision.cpp
  fast_winding_number.cpp
  file_contents_as_string.cpp
  file_dialog_open.cpp
  file_dialog_save.cpp
  file_exists.cpp
  find.cpp
  find_cross_field_singularities.cpp
  find_zero.cpp
  fit_plane.cpp
  fit_rotations.cpp
  flip_avoiding_line_search.cpp
  flip_edge.cpp
  flipped_triangles.cpp
  flood_fill.cpp
  floor.cpp
  forward_kinematics.cpp
  frame_field_deformer.cpp
  frame_to_cross_field.cpp
  frustum.cpp
  gaussian_curvature.cpp
  get_seconds.cpp
  get_seconds_hires.cpp
  grad.cpp
  grad_intrinsic.cpp
  grid.cpp
  grid_search.cpp
  group_sum_matrix.cpp
  guess_extension.cpp
  harmonic.cpp
  harwell_boeing.cpp
  hausdorff.cpp
  heat_geodesics.cpp
  hessian.cpp
  hessian_energy.cpp
  histc.cpp
  hsv_to_rgb.cpp
  in_element.cpp
  infinite_cost_stopping_condition.cpp
  inradius.cpp
  internal_angles.cpp
  intersect.cpp
  intrinsic_delaunay_cotmatrix.cpp
  intrinsic_delaunay_triangulation.cpp
  invert_diag.cpp
  is_border_vertex.cpp
  is_boundary_edge.cpp
  is_delaunay.cpp
  is_dir.cpp
  is_edge_manifold.cpp
  is_file.cpp
  is_intrinsic_delaunay.cpp
  is_irregular_vertex.cpp
  is_planar.cpp
  is_readable.cpp
  is_sparse.cpp
  is_stl.cpp
  is_symmetric.cpp
  is_vertex_manifold.cpp
  is_writable.cpp
  isdiag.cpp
  ismember.cpp
  isolines.cpp
  jet.cpp
  knn.cpp
  launch_medit.cpp
  lbs_matrix.cpp
  lexicographic_triangulation.cpp
  limit_faces.cpp
  line_field_mismatch.cpp
  line_search.cpp
  line_segment_in_rectangle.cpp
  linprog.cpp
  list_to_matrix.cpp
  local_basis.cpp
  look_at.cpp
  loop.cpp
  lscm.cpp
  map_vertices_to_circle.cpp
  mapping_energy_with_jacobians.cpp
  marching_tets.cpp
  massmatrix.cpp
  massmatrix_intrinsic.cpp
  mat_max.cpp
  mat_min.cpp
  mat_to_quat.cpp
  matlab_format.cpp
  matrix_to_list.cpp
  max.cpp
  max_faces_stopping_condition.cpp
  max_size.cpp
  median.cpp
  min.cpp
  min_quad_dense.cpp
  min_quad_with_fixed.cpp
  min_size.cpp
  mod.cpp
  mode.cpp
  mvc.cpp
  nchoosek.cpp
  next_filename.cpp
  normal_derivative.cpp
  normalize_quat.cpp
  normalize_row_lengths.cpp
  normalize_row_sums.cpp
  null.cpp
  octree.cpp
  on_boundary.cpp
  orient_outward.cpp
  orientable_patches.cpp
  oriented_facets.cpp
  orth.cpp
  ortho.cpp
  outer_element.cpp
  parallel_transport_angles.cpp
  partition.cpp
  parula.cpp
  path_to_executable.cpp
  pathinfo.cpp
  per_corner_normals.cpp
  per_edge_normals.cpp
  per_face_normals.cpp
  per_vertex_attribute_smoothing.cpp
  per_vertex_normals.cpp
  per_vertex_point_to_plane_quadrics.cpp
  piecewise_constant_winding_number.cpp
  pinv.cpp
  planarize_quad_mesh.cpp
  point_in_circle.cpp
  point_in_poly.cpp
  point_mesh_squared_distance.cpp
  point_simplex_squared_distance.cpp
  polar_dec.cpp
  polar_svd.cpp
  polar_svd3x3.cpp
  polygon_mesh_to_triangle_mesh.cpp
  principal_curvature.cpp
  print_ijv.cpp
  print_vector.cpp
  procrustes.cpp
  project.cpp
  project_isometrically_to_plane.cpp
  project_to_line.cpp
  project_to_line_segment.cpp
  pseudonormal_test.cpp
  pso.cpp
  qslim.cpp
  qslim_optimal_collapse_edge_callbacks.cpp
  quad_planarity.cpp
  quadric_binary_plus_operator.cpp
  quat_conjugate.cpp
  quat_mult.cpp
  quat_to_axis_angle.cpp
  quat_to_mat.cpp
  quats_to_column.cpp
  ramer_douglas_peucker.cpp
  random_dir.cpp
  random_points_on_mesh.cpp
  random_quaternion.cpp
  random_search.cpp
  randperm.cpp
  ray_box_intersect.cpp
  ray_mesh_intersect.cpp
  ray_sphere_intersect.cpp
  readBF.cpp
  readCSV.cpp
  readDMAT.cpp
  readMESH.cpp
  readMSH.cpp
  readNODE.cpp
  readOBJ.cpp
  readOFF.cpp
  readPLY.cpp
  readSTL.cpp
  readTGF.cpp
  readWRL.cpp
  read_triangle_mesh.cpp
  remesh_along_isoline.cpp
  remove_duplicate_vertices.cpp
  remove_duplicates.cpp
  remove_unreferenced.cpp
  reorder.cpp
  repdiag.cpp
  repmat.cpp
  resolve_duplicated_faces.cpp
  rgb_to_hsv.cpp
  rotate_by_quat.cpp
  rotate_vectors.cpp
  rotation_matrix_from_directions.cpp
  round.cpp
  rows_to_matrix.cpp
  sample_edges.cpp
  scaf.cpp
  seam_edges.cpp
C:\Program Files (x86)\Microsoft Visual Studio\2019\Community\VC\Tools\MSVC\14.29.30133\include\xutility(4198,1): warning C4267: '=': conversion from 'size_t' to 'int', possible loss of data (compiling source file C:\Dev\EngineForAnimationCourse\igl\resolve_duplicated_faces.cpp)
C:\Program Files (x86)\Microsoft Visual Studio\2019\Community\VC\Tools\MSVC\14.29.30133\include\xutility(4210): message : see reference to function template instantiation '_OutIt std::_Copy_unchecked<unsigned __int64*,_OutIt>(_InIt,_InIt,_OutIt)' being compiled
          with
          [
              _OutIt=int *,
              _InIt=unsigned __int64 *
          ] (compiling source file C:\Dev\EngineForAnimationCourse\igl\resolve_duplicated_faces.cpp)
C:\Dev\EngineForAnimationCourse\igl\resolve_duplicated_faces.cpp(82): message : see reference to function template instantiation '_OutIt *std::copy<std::_Vector_iterator<std::_Vector_val<std::_Simple_types<_Ty>>>,int*>(_InIt,_InIt,_OutIt)' being compiled
          with
          [
              _OutIt=int *,
              _Ty=size_t,
              _InIt=std::_Vector_iterator<std::_Vector_val<std::_Simple_types<size_t>>>
          ]
C:\Dev\EngineForAnimationCourse\igl\resolve_duplicated_faces.cpp(89): message : see reference to function template instantiation 'void igl::resolve_duplicated_faces<Eigen::Matrix<int,-1,3,1,-1,3>,Eigen::Matrix<int,-1,3,1,-1,3>,Eigen::Matrix<int,-1,1,0,-1,1>>(const Eigen::PlainObjectBase<Eigen::Matrix<int,-1,3,1,-1,3>> &,Eigen::PlainObjectBase<Eigen::Matrix<int,-1,3,1,-1,3>> &,Eigen::PlainObjectBase<Eigen::Matrix<int,-1,1,0,-1,1>> &)' being compiled
C:\Program Files (x86)\Microsoft Visual Studio\2019\Community\VC\Tools\MSVC\14.29.30133\include\xutility(4198,1): warning C4267: '=': conversion from 'size_t' to 'long', possible loss of data (compiling source file C:\Dev\EngineForAnimationCourse\igl\resolve_duplicated_faces.cpp)
C:\Program Files (x86)\Microsoft Visual Studio\2019\Community\VC\Tools\MSVC\14.29.30133\include\xutility(4210): message : see reference to function template instantiation '_OutIt std::_Copy_unchecked<unsigned __int64*,_OutIt>(_InIt,_InIt,_OutIt)' being compiled
          with
          [
              _OutIt=long *,
              _InIt=unsigned __int64 *
          ] (compiling source file C:\Dev\EngineForAnimationCourse\igl\resolve_duplicated_faces.cpp)
C:\Dev\EngineForAnimationCourse\igl\resolve_duplicated_faces.cpp(82): message : see reference to function template instantiation '_OutIt *std::copy<std::_Vector_iterator<std::_Vector_val<std::_Simple_types<_Ty>>>,long*>(_InIt,_InIt,_OutIt)' being compiled
          with
          [
              _OutIt=long *,
              _Ty=size_t,
              _InIt=std::_Vector_iterator<std::_Vector_val<std::_Simple_types<size_t>>>
          ]
C:\Dev\EngineForAnimationCourse\igl\resolve_duplicated_faces.cpp(91): message : see reference to function template instantiation 'void igl::resolve_duplicated_faces<Eigen::Matrix<int,-1,-1,0,-1,-1>,Eigen::Matrix<int,-1,-1,0,-1,-1>,Eigen::Matrix<long,-1,1,0,-1,1>>(const Eigen::PlainObjectBase<Eigen::Matrix<int,-1,-1,0,-1,-1>> &,Eigen::PlainObjectBase<Eigen::Matrix<int,-1,-1,0,-1,-1>> &,Eigen::PlainObjectBase<Eigen::Matrix<long,-1,1,0,-1,1>> &)' being compiled
  segment_segment_intersect.cpp
  setdiff.cpp
  setunion.cpp
  setxor.cpp
  shape_diameter_function.cpp
  shapeup.cpp
  shortest_edge_and_midpoint.cpp
  signed_angle.cpp
  signed_distance.cpp
  simplify_polyhedron.cpp
  slice.cpp
  slice_cached.cpp
  slice_into.cpp
  slice_mask.cpp
  slim.cpp
  snap_points.cpp
  snap_to_canonical_view_quat.cpp
  snap_to_fixed_up.cpp
  solid_angle.cpp
  sort.cpp
  sort_angles.cpp
  sort_triangles.cpp
  sort_vectors_ccw.cpp
  sortrows.cpp
  sparse.cpp
  sparse_cached.cpp
  sparse_voxel_grid.cpp
  speye.cpp
  squared_edge_lengths.cpp
  stdin_to_temp.cpp
  straighten_seams.cpp
  sum.cpp
  svd3x3.cpp
  svd3x3_avx.cpp
  svd3x3_sse.cpp
  swept_volume_bounding_box.cpp
  swept_volume_signed_distance.cpp
  tan_half_angle.cpp
  tet_tet_adjacency.cpp
  topological_hole_fill.cpp
  trackball.cpp
  transpose_blocks.cpp
  triangle_fan.cpp
  triangle_triangle_adjacency.cpp
  triangles_from_strip.cpp
  triangulated_grid.cpp
  two_axis_valuator_fixed_up.cpp
  uniformly_sample_two_manifold.cpp
  unique.cpp
  unique_edge_map.cpp
  unique_rows.cpp
  unique_simplices.cpp
  unproject.cpp
  unproject_in_mesh.cpp
  unproject_onto_mesh.cpp
  unproject_ray.cpp
  unzip_corners.cpp
  upsample.cpp
  vector_area_matrix.cpp
  vertex_components.cpp
  vertex_triangle_adjacency.cpp
  volume.cpp
  voxel_grid.cpp
  winding_number.cpp
  writeBF.cpp
  writeDMAT.cpp
  writeMESH.cpp
  writeOBJ.cpp
  writeOFF.cpp
  writePLY.cpp
  writeSTL.cpp
  writeTGF.cpp
  writeWRL.cpp
  write_triangle_mesh.cpp
  igl.vcxproj -> C:\Dev\EngineForAnimationCourse\Debug\igl.lib
