c:\dev\engineforanimationcourse\tutorial\sandbox\sandbox_bin.dir\debug\sandbox.obj
c:\dev\engineforanimationcourse\tutorial\sandbox\sandbox_bin.dir\debug\main.obj
c:\dev\engineforanimationcourse\tutorial\sandbox\sandbox_bin.dir\debug\vc142.pdb
c:\dev\engineforanimationcourse\tutorial\sandbox\cmakefiles\generate.stamp
c:\dev\engineforanimationcourse\sandbox_bin.pdb
c:\dev\engineforanimationcourse\tutorial\sandbox\sandbox_bin.dir\debug\sandbox_bin.tlog\cl.command.1.tlog
c:\dev\engineforanimationcourse\tutorial\sandbox\sandbox_bin.dir\debug\sandbox_bin.tlog\cl.read.1.tlog
c:\dev\engineforanimationcourse\tutorial\sandbox\sandbox_bin.dir\debug\sandbox_bin.tlog\cl.write.1.tlog
c:\dev\engineforanimationcourse\tutorial\sandbox\sandbox_bin.dir\debug\sandbox_bin.tlog\custombuild.command.1.tlog
c:\dev\engineforanimationcourse\tutorial\sandbox\sandbox_bin.dir\debug\sandbox_bin.tlog\custombuild.read.1.tlog
c:\dev\engineforanimationcourse\tutorial\sandbox\sandbox_bin.dir\debug\sandbox_bin.tlog\custombuild.write.1.tlog
c:\dev\engineforanimationcourse\tutorial\sandbox\sandbox_bin.dir\debug\sandbox_bin.tlog\link-cvtres.read.1.tlog
c:\dev\engineforanimationcourse\tutorial\sandbox\sandbox_bin.dir\debug\sandbox_bin.tlog\link-cvtres.write.1.tlog
c:\dev\engineforanimationcourse\tutorial\sandbox\sandbox_bin.dir\debug\sandbox_bin.tlog\link-rc.read.1.tlog
c:\dev\engineforanimationcourse\tutorial\sandbox\sandbox_bin.dir\debug\sandbox_bin.tlog\link-rc.write.1.tlog
c:\dev\engineforanimationcourse\tutorial\sandbox\sandbox_bin.dir\debug\sandbox_bin.tlog\link.11356-cvtres.read.1.tlog
c:\dev\engineforanimationcourse\tutorial\sandbox\sandbox_bin.dir\debug\sandbox_bin.tlog\link.11356-cvtres.write.1.tlog
c:\dev\engineforanimationcourse\tutorial\sandbox\sandbox_bin.dir\debug\sandbox_bin.tlog\link.11356-rc.read.1.tlog
c:\dev\engineforanimationcourse\tutorial\sandbox\sandbox_bin.dir\debug\sandbox_bin.tlog\link.11356-rc.write.1.tlog
c:\dev\engineforanimationcourse\tutorial\sandbox\sandbox_bin.dir\debug\sandbox_bin.tlog\link.11356.read.1.tlog
c:\dev\engineforanimationcourse\tutorial\sandbox\sandbox_bin.dir\debug\sandbox_bin.tlog\link.11356.read.2.tlog
c:\dev\engineforanimationcourse\tutorial\sandbox\sandbox_bin.dir\debug\sandbox_bin.tlog\link.11356.write.1.tlog
c:\dev\engineforanimationcourse\tutorial\sandbox\sandbox_bin.dir\debug\sandbox_bin.tlog\link.command.1.tlog
c:\dev\engineforanimationcourse\tutorial\sandbox\sandbox_bin.dir\debug\sandbox_bin.tlog\link.read.1.tlog
c:\dev\engineforanimationcourse\tutorial\sandbox\sandbox_bin.dir\debug\sandbox_bin.tlog\link.read.2.tlog
c:\dev\engineforanimationcourse\tutorial\sandbox\sandbox_bin.dir\debug\sandbox_bin.tlog\link.write.1.tlog
